SF:lib/features/movies/domain/entities/movie_entity.dart
DA:16,1
DA:28,0
DA:29,0
DA:30,0
DA:31,0
DA:32,0
DA:33,0
DA:34,0
DA:35,0
DA:36,0
DA:37,0
DA:38,0
LF:12
LH:1
end_of_record
SF:lib/features/movies/domain/use_cases/upcoming_use_case.dart
DA:10,1
DA:12,0
DA:14,0
LF:3
LH:1
end_of_record
SF:lib/core/error/error.dart
DA:6,0
DA:7,0
LF:2
LH:0
end_of_record
SF:lib/core/use_cases/use_cases.dart
DA:10,0
DA:11,0
DA:17,0
DA:19,0
DA:20,0
LF:5
LH:0
end_of_record
SF:lib/features/movies/domain/use_cases/now_playing_use_case.dart
DA:10,0
DA:12,0
DA:14,0
LF:3
LH:0
end_of_record
